COM	00110011	Function set 8bit interface 1/8 or 1/11 duty (1 line)  5x8 dots
COM	00110010	Function set 8bit interface 1/8 or 1/11 duty (1 line)  5x8 dots
COM	00101000	Function set 4bit interface 1/16 duty (2 lines)  5x8 dots
COM	00001100	display on/off control display on cursor off no blink
COM	00000110	entry mode set increment cursor no display shift
COM	00000001	clear screen
COM	10000000	jump to 0
DAT	01010111	W
DAT	01100101	e
DAT	01101100	l
DAT	01100011	c
DAT	01101111	o
DAT	01101101	m
DAT	01100101	e
DAT	00100000	 
DAT	01110100	t
DAT	01101111	o
DAT	00100000	 
DAT	01110100	t
DAT	01101000	h
DAT	01100101	e
DAT	00100000	 
DAT	00110011	3
DAT	00110010	2
DAT	01000011	C
DAT	00110011	3
DAT	00100000	 
COM	11000000	jump to 64
DAT	01010100	T
DAT	01101000	h
DAT	01100101	e
DAT	00100000	 
DAT	01100110	f
DAT	01101100	l
DAT	01100001	a
DAT	01100111	g
DAT	00100000	 
DAT	00110011	3
DAT	00110010	2
DAT	01000011	C
DAT	00110011	3
DAT	01011111	_
DAT	01001110	N
DAT	01100101	e
DAT	01110110	v
DAT	01100101	e
DAT	01110010	r
DAT	01011111	_
COM	11010100	jump to 84
DAT	01011111	_
DAT	01100111	g
DAT	01101111	o
DAT	01101110	n
DAT	01101110	n
DAT	01100001	a
DAT	01011111	_
DAT	01100111	g
DAT	01101001	i
DAT	01110110	v
DAT	01100101	e
DAT	01011111	_
DAT	01111001	y
DAT	01101111	o
DAT	01110101	u
DAT	01011111	_
DAT	01110101	u
DAT	01110000	p
DAT	01011111	_
DAT	00100000	 
COM	10010100	jump to 20
DAT	01011111	_
DAT	01101100	l
DAT	01100101	e
DAT	01110100	t
DAT	01011111	_
DAT	01111001	y
DAT	01101111	o
DAT	01110101	u
DAT	01011111	_
DAT	01100100	d
DAT	01101111	o
DAT	01110111	w
DAT	01101110	n
DAT	01011111	_
DAT	01001110	N
DAT	01100101	e
DAT	01110110	v
DAT	01100101	e
DAT	01110010	r
DAT	01011111	_
COM	10000000	jump to 0
DAT	01000101	E
DAT	01001111	O
DAT	01001101	M
DAT	00100000	 
DAT	00100000	 
DAT	00100000	 
DAT	00100000	 
DAT	00100000	 
DAT	00100000	 
DAT	00100000	 
DAT	00100000	 
DAT	00100000	 
DAT	00100000	 
DAT	00100000	 
DAT	00100000	 
DAT	00100000	 
DAT	00100000	 
DAT	00100000	 
DAT	00100000	 
DAT	00100000	 
COM	11000000	jump to 64
DAT	01100010	b
DAT	01101001	i
DAT	01110100	t
DAT	00101110	.
DAT	01101100	l
DAT	01111001	y
DAT	00101111	/
DAT	00110001	1
DAT	01100110	f
DAT	01001011	K
DAT	01111001	y
DAT	00110001	1
DAT	01110100	t
DAT	01000011	C
DAT	00100000	 
DAT	00100000	 
DAT	00100000	 
DAT	00100000	 
DAT	00100000	 
DAT	00100000	 
