######################
#                    #
#                    #
#                    #
#                    #
######################
######################
#                    #
#                    #
#                    #
#                    #
######################
######################
#                    #
#                    #
#                    #
#                    #
######################
######################
#                    #
#                    #
#                    #
#                    #
######################
######################
#                    #
#                    #
#                    #
#                    #
######################
######################
#                    #
#                    #
#                    #
#                    #
######################
######################
#                    #
#                    #
#                    #
#                    #
######################
######################
#W                   #
#                    #
#                    #
#                    #
######################
######################
#We                  #
#                    #
#                    #
#                    #
######################
######################
#Wel                 #
#                    #
#                    #
#                    #
######################
######################
#Welc                #
#                    #
#                    #
#                    #
######################
######################
#Welco               #
#                    #
#                    #
#                    #
######################
######################
#Welcom              #
#                    #
#                    #
#                    #
######################
######################
#Welcome             #
#                    #
#                    #
#                    #
######################
######################
#Welcome             #
#                    #
#                    #
#                    #
######################
######################
#Welcome t           #
#                    #
#                    #
#                    #
######################
######################
#Welcome to          #
#                    #
#                    #
#                    #
######################
######################
#Welcome to          #
#                    #
#                    #
#                    #
######################
######################
#Welcome to t        #
#                    #
#                    #
#                    #
######################
######################
#Welcome to th       #
#                    #
#                    #
#                    #
######################
######################
#Welcome to the      #
#                    #
#                    #
#                    #
######################
######################
#Welcome to the      #
#                    #
#                    #
#                    #
######################
######################
#Welcome to the 3    #
#                    #
#                    #
#                    #
######################
######################
#Welcome to the 32   #
#                    #
#                    #
#                    #
######################
######################
#Welcome to the 32C  #
#                    #
#                    #
#                    #
######################
######################
#Welcome to the 32C3 #
#                    #
#                    #
#                    #
######################
######################
#Welcome to the 32C3 #
#                    #
#                    #
#                    #
######################
######################
#Welcome to the 32C3 #
#                    #
#                    #
#                    #
######################
######################
#Welcome to the 32C3 #
#T                   #
#                    #
#                    #
######################
######################
#Welcome to the 32C3 #
#Th                  #
#                    #
#                    #
######################
######################
#Welcome to the 32C3 #
#The                 #
#                    #
#                    #
######################
######################
#Welcome to the 32C3 #
#The                 #
#                    #
#                    #
######################
######################
#Welcome to the 32C3 #
#The f               #
#                    #
#                    #
######################
######################
#Welcome to the 32C3 #
#The fl              #
#                    #
#                    #
######################
######################
#Welcome to the 32C3 #
#The fla             #
#                    #
#                    #
######################
######################
#Welcome to the 32C3 #
#The flag            #
#                    #
#                    #
######################
######################
#Welcome to the 32C3 #
#The flag            #
#                    #
#                    #
######################
######################
#Welcome to the 32C3 #
#The flag 3          #
#                    #
#                    #
######################
######################
#Welcome to the 32C3 #
#The flag 32         #
#                    #
#                    #
######################
######################
#Welcome to the 32C3 #
#The flag 32C        #
#                    #
#                    #
######################
######################
#Welcome to the 32C3 #
#The flag 32C3       #
#                    #
#                    #
######################
######################
#Welcome to the 32C3 #
#The flag 32C3_      #
#                    #
#                    #
######################
######################
#Welcome to the 32C3 #
#The flag 32C3_N     #
#                    #
#                    #
######################
######################
#Welcome to the 32C3 #
#The flag 32C3_Ne    #
#                    #
#                    #
######################
######################
#Welcome to the 32C3 #
#The flag 32C3_Nev   #
#                    #
#                    #
######################
######################
#Welcome to the 32C3 #
#The flag 32C3_Neve  #
#                    #
#                    #
######################
######################
#Welcome to the 32C3 #
#The flag 32C3_Never #
#                    #
#                    #
######################
######################
#Welcome to the 32C3 #
#The flag 32C3_Never_#
#                    #
#                    #
######################
######################
#Welcome to the 32C3 #
#The flag 32C3_Never_#
#                    #
#                    #
######################
######################
#Welcome to the 32C3 #
#The flag 32C3_Never_#
#                    #
#_                   #
######################
######################
#Welcome to the 32C3 #
#The flag 32C3_Never_#
#                    #
#_g                  #
######################
######################
#Welcome to the 32C3 #
#The flag 32C3_Never_#
#                    #
#_go                 #
######################
######################
#Welcome to the 32C3 #
#The flag 32C3_Never_#
#                    #
#_gon                #
######################
######################
#Welcome to the 32C3 #
#The flag 32C3_Never_#
#                    #
#_gonn               #
######################
######################
#Welcome to the 32C3 #
#The flag 32C3_Never_#
#                    #
#_gonna              #
######################
######################
#Welcome to the 32C3 #
#The flag 32C3_Never_#
#                    #
#_gonna_             #
######################
######################
#Welcome to the 32C3 #
#The flag 32C3_Never_#
#                    #
#_gonna_g            #
######################
######################
#Welcome to the 32C3 #
#The flag 32C3_Never_#
#                    #
#_gonna_gi           #
######################
######################
#Welcome to the 32C3 #
#The flag 32C3_Never_#
#                    #
#_gonna_giv          #
######################
######################
#Welcome to the 32C3 #
#The flag 32C3_Never_#
#                    #
#_gonna_give         #
######################
######################
#Welcome to the 32C3 #
#The flag 32C3_Never_#
#                    #
#_gonna_give_        #
######################
######################
#Welcome to the 32C3 #
#The flag 32C3_Never_#
#                    #
#_gonna_give_y       #
######################
######################
#Welcome to the 32C3 #
#The flag 32C3_Never_#
#                    #
#_gonna_give_yo      #
######################
######################
#Welcome to the 32C3 #
#The flag 32C3_Never_#
#                    #
#_gonna_give_you     #
######################
######################
#Welcome to the 32C3 #
#The flag 32C3_Never_#
#                    #
#_gonna_give_you_    #
######################
######################
#Welcome to the 32C3 #
#The flag 32C3_Never_#
#                    #
#_gonna_give_you_u   #
######################
######################
#Welcome to the 32C3 #
#The flag 32C3_Never_#
#                    #
#_gonna_give_you_up  #
######################
######################
#Welcome to the 32C3 #
#The flag 32C3_Never_#
#                    #
#_gonna_give_you_up_ #
######################
######################
#Welcome to the 32C3 #
#The flag 32C3_Never_#
#                    #
#_gonna_give_you_up_ #
######################
######################
#Welcome to the 32C3 #
#The flag 32C3_Never_#
#                    #
#_gonna_give_you_up_ #
######################
######################
#Welcome to the 32C3 #
#The flag 32C3_Never_#
#_                   #
#_gonna_give_you_up_ #
######################
######################
#Welcome to the 32C3 #
#The flag 32C3_Never_#
#_l                  #
#_gonna_give_you_up_ #
######################
######################
#Welcome to the 32C3 #
#The flag 32C3_Never_#
#_le                 #
#_gonna_give_you_up_ #
######################
######################
#Welcome to the 32C3 #
#The flag 32C3_Never_#
#_let                #
#_gonna_give_you_up_ #
######################
######################
#Welcome to the 32C3 #
#The flag 32C3_Never_#
#_let_               #
#_gonna_give_you_up_ #
######################
######################
#Welcome to the 32C3 #
#The flag 32C3_Never_#
#_let_y              #
#_gonna_give_you_up_ #
######################
######################
#Welcome to the 32C3 #
#The flag 32C3_Never_#
#_let_yo             #
#_gonna_give_you_up_ #
######################
######################
#Welcome to the 32C3 #
#The flag 32C3_Never_#
#_let_you            #
#_gonna_give_you_up_ #
######################
######################
#Welcome to the 32C3 #
#The flag 32C3_Never_#
#_let_you_           #
#_gonna_give_you_up_ #
######################
######################
#Welcome to the 32C3 #
#The flag 32C3_Never_#
#_let_you_d          #
#_gonna_give_you_up_ #
######################
######################
#Welcome to the 32C3 #
#The flag 32C3_Never_#
#_let_you_do         #
#_gonna_give_you_up_ #
######################
######################
#Welcome to the 32C3 #
#The flag 32C3_Never_#
#_let_you_dow        #
#_gonna_give_you_up_ #
######################
######################
#Welcome to the 32C3 #
#The flag 32C3_Never_#
#_let_you_down       #
#_gonna_give_you_up_ #
######################
######################
#Welcome to the 32C3 #
#The flag 32C3_Never_#
#_let_you_down_      #
#_gonna_give_you_up_ #
######################
######################
#Welcome to the 32C3 #
#The flag 32C3_Never_#
#_let_you_down_N     #
#_gonna_give_you_up_ #
######################
######################
#Welcome to the 32C3 #
#The flag 32C3_Never_#
#_let_you_down_Ne    #
#_gonna_give_you_up_ #
######################
######################
#Welcome to the 32C3 #
#The flag 32C3_Never_#
#_let_you_down_Nev   #
#_gonna_give_you_up_ #
######################
######################
#Welcome to the 32C3 #
#The flag 32C3_Never_#
#_let_you_down_Neve  #
#_gonna_give_you_up_ #
######################
######################
#Welcome to the 32C3 #
#The flag 32C3_Never_#
#_let_you_down_Never #
#_gonna_give_you_up_ #
######################
######################
#Welcome to the 32C3 #
#The flag 32C3_Never_#
#_let_you_down_Never_#
#_gonna_give_you_up_ #
######################
######################
#Welcome to the 32C3 #
#The flag 32C3_Never_#
#_let_you_down_Never_#
#_gonna_give_you_up_ #
######################
######################
#Eelcome to the 32C3 #
#The flag 32C3_Never_#
#_let_you_down_Never_#
#_gonna_give_you_up_ #
######################
######################
#EOlcome to the 32C3 #
#The flag 32C3_Never_#
#_let_you_down_Never_#
#_gonna_give_you_up_ #
######################
######################
#EOMcome to the 32C3 #
#The flag 32C3_Never_#
#_let_you_down_Never_#
#_gonna_give_you_up_ #
######################
######################
#EOM ome to the 32C3 #
#The flag 32C3_Never_#
#_let_you_down_Never_#
#_gonna_give_you_up_ #
######################
######################
#EOM  me to the 32C3 #
#The flag 32C3_Never_#
#_let_you_down_Never_#
#_gonna_give_you_up_ #
######################
######################
#EOM   e to the 32C3 #
#The flag 32C3_Never_#
#_let_you_down_Never_#
#_gonna_give_you_up_ #
######################
######################
#EOM     to the 32C3 #
#The flag 32C3_Never_#
#_let_you_down_Never_#
#_gonna_give_you_up_ #
######################
######################
#EOM     to the 32C3 #
#The flag 32C3_Never_#
#_let_you_down_Never_#
#_gonna_give_you_up_ #
######################
######################
#EOM      o the 32C3 #
#The flag 32C3_Never_#
#_let_you_down_Never_#
#_gonna_give_you_up_ #
######################
######################
#EOM        the 32C3 #
#The flag 32C3_Never_#
#_let_you_down_Never_#
#_gonna_give_you_up_ #
######################
######################
#EOM        the 32C3 #
#The flag 32C3_Never_#
#_let_you_down_Never_#
#_gonna_give_you_up_ #
######################
######################
#EOM         he 32C3 #
#The flag 32C3_Never_#
#_let_you_down_Never_#
#_gonna_give_you_up_ #
######################
######################
#EOM          e 32C3 #
#The flag 32C3_Never_#
#_let_you_down_Never_#
#_gonna_give_you_up_ #
######################
######################
#EOM            32C3 #
#The flag 32C3_Never_#
#_let_you_down_Never_#
#_gonna_give_you_up_ #
######################
######################
#EOM            32C3 #
#The flag 32C3_Never_#
#_let_you_down_Never_#
#_gonna_give_you_up_ #
######################
######################
#EOM             2C3 #
#The flag 32C3_Never_#
#_let_you_down_Never_#
#_gonna_give_you_up_ #
######################
######################
#EOM              C3 #
#The flag 32C3_Never_#
#_let_you_down_Never_#
#_gonna_give_you_up_ #
######################
######################
#EOM               3 #
#The flag 32C3_Never_#
#_let_you_down_Never_#
#_gonna_give_you_up_ #
######################
######################
#EOM                 #
#The flag 32C3_Never_#
#_let_you_down_Never_#
#_gonna_give_you_up_ #
######################
######################
#EOM                 #
#The flag 32C3_Never_#
#_let_you_down_Never_#
#_gonna_give_you_up_ #
######################
######################
#EOM                 #
#The flag 32C3_Never_#
#_let_you_down_Never_#
#_gonna_give_you_up_ #
######################
######################
#EOM                 #
#bhe flag 32C3_Never_#
#_let_you_down_Never_#
#_gonna_give_you_up_ #
######################
######################
#EOM                 #
#bie flag 32C3_Never_#
#_let_you_down_Never_#
#_gonna_give_you_up_ #
######################
######################
#EOM                 #
#bit flag 32C3_Never_#
#_let_you_down_Never_#
#_gonna_give_you_up_ #
######################
######################
#EOM                 #
#bit.flag 32C3_Never_#
#_let_you_down_Never_#
#_gonna_give_you_up_ #
######################
######################
#EOM                 #
#bit.llag 32C3_Never_#
#_let_you_down_Never_#
#_gonna_give_you_up_ #
######################
######################
#EOM                 #
#bit.lyag 32C3_Never_#
#_let_you_down_Never_#
#_gonna_give_you_up_ #
######################
######################
#EOM                 #
#bit.ly/g 32C3_Never_#
#_let_you_down_Never_#
#_gonna_give_you_up_ #
######################
######################
#EOM                 #
#bit.ly/1 32C3_Never_#
#_let_you_down_Never_#
#_gonna_give_you_up_ #
######################
######################
#EOM                 #
#bit.ly/1f32C3_Never_#
#_let_you_down_Never_#
#_gonna_give_you_up_ #
######################
######################
#EOM                 #
#bit.ly/1fK2C3_Never_#
#_let_you_down_Never_#
#_gonna_give_you_up_ #
######################
######################
#EOM                 #
#bit.ly/1fKyC3_Never_#
#_let_you_down_Never_#
#_gonna_give_you_up_ #
######################
######################
#EOM                 #
#bit.ly/1fKy13_Never_#
#_let_you_down_Never_#
#_gonna_give_you_up_ #
######################
######################
#EOM                 #
#bit.ly/1fKy1t_Never_#
#_let_you_down_Never_#
#_gonna_give_you_up_ #
######################
######################
#EOM                 #
#bit.ly/1fKy1tCNever_#
#_let_you_down_Never_#
#_gonna_give_you_up_ #
######################
######################
#EOM                 #
#bit.ly/1fKy1tC ever_#
#_let_you_down_Never_#
#_gonna_give_you_up_ #
######################
######################
#EOM                 #
#bit.ly/1fKy1tC  ver_#
#_let_you_down_Never_#
#_gonna_give_you_up_ #
######################
######################
#EOM                 #
#bit.ly/1fKy1tC   er_#
#_let_you_down_Never_#
#_gonna_give_you_up_ #
######################
######################
#EOM                 #
#bit.ly/1fKy1tC    r_#
#_let_you_down_Never_#
#_gonna_give_you_up_ #
######################
######################
#EOM                 #
#bit.ly/1fKy1tC     _#
#_let_you_down_Never_#
#_gonna_give_you_up_ #
######################
######################
#EOM                 #
#bit.ly/1fKy1tC      #
#_let_you_down_Never_#
#_gonna_give_you_up_ #
######################
######################
#EOM                 #
#bit.ly/1fKy1tC      #
#_let_you_down_Never_#
#_gonna_give_you_up_ #
######################
